0 info it worked if it ends with ok
1 verbose cli [ 'h:\\Program Files\\nodejs\\node.exe',
1 verbose cli   'h:\\Program Files\\nodejs\\node_modules\\npm\\bin\\npm-cli.js',
1 verbose cli   'install',
1 verbose cli   'domReady' ]
2 info using npm@2.14.7
3 info using node@v4.2.1
4 verbose install initial load of i:\bedrijf\wbso\projects\calculationdistribution\cb-client\src\main\webapp\package.json
5 verbose installManyTop reading scoped package data from i:\bedrijf\wbso\projects\calculationdistribution\cb-client\src\main\webapp\node_modules\alasql\package.json
6 verbose installManyTop reading scoped package data from i:\bedrijf\wbso\projects\calculationdistribution\cb-client\src\main\webapp\node_modules\angular\package.json
7 verbose installManyTop reading scoped package data from i:\bedrijf\wbso\projects\calculationdistribution\cb-client\src\main\webapp\node_modules\es6-promise\package.json
8 verbose installManyTop reading scoped package data from i:\bedrijf\wbso\projects\calculationdistribution\cb-client\src\main\webapp\node_modules\node-uuid\package.json
9 verbose installManyTop reading scoped package data from i:\bedrijf\wbso\projects\calculationdistribution\cb-client\src\main\webapp\node_modules\requirejs\package.json
10 verbose installManyTop reading scoped package data from i:\bedrijf\wbso\projects\calculationdistribution\cb-client\src\main\webapp\node_modules\restangular\package.json
11 verbose installManyTop reading scoped package data from i:\bedrijf\wbso\projects\calculationdistribution\cb-client\src\main\webapp\node_modules\restful.js\package.json
12 info package.json requirejs@2.1.20 No license field.
13 info package.json node-uuid@1.4.3 No license field.
14 verbose readDependencies loading dependencies from i:\bedrijf\wbso\projects\calculationdistribution\cb-client\src\main\webapp\package.json
15 silly cache add args [ 'domReady', null ]
16 verbose cache add spec domReady
17 silly cache add parsed spec Result {
17 silly cache add   raw: 'domReady',
17 silly cache add   scope: null,
17 silly cache add   name: 'domReady',
17 silly cache add   rawSpec: '',
17 silly cache add   spec: '*',
17 silly cache add   type: 'range' }
18 silly addNamed domReady@*
19 verbose addNamed "*" is a valid semver range for domReady
20 silly addNameRange { name: 'domReady', range: '*', hasData: false }
21 silly mapToRegistry name domReady
22 silly mapToRegistry using default registry
23 silly mapToRegistry registry https://registry.npmjs.org/
24 silly mapToRegistry uri https://registry.npmjs.org/domReady
25 verbose addNameRange registry:https://registry.npmjs.org/domReady not in flight; fetching
26 verbose request uri https://registry.npmjs.org/domReady
27 verbose request no auth needed
28 info attempt registry request try #1 at 21:51:28
29 verbose request id 0935383250c304c8
30 http request GET https://registry.npmjs.org/domReady
31 http 404 https://registry.npmjs.org/domReady
32 verbose headers { 'content-type': 'application/json',
32 verbose headers   'cache-control': 'max-age=0',
32 verbose headers   'content-length': '2',
32 verbose headers   'accept-ranges': 'bytes',
32 verbose headers   date: 'Sat, 17 Oct 2015 19:51:27 GMT',
32 verbose headers   via: '1.1 varnish',
32 verbose headers   age: '0',
32 verbose headers   connection: 'keep-alive',
32 verbose headers   'x-served-by': 'cache-fra1246-FRA',
32 verbose headers   'x-cache': 'MISS',
32 verbose headers   'x-cache-hits': '0',
32 verbose headers   'x-timer': 'S1445111487.429549,VS0,VE188' }
33 silly get cb [ 404,
33 silly get   { 'content-type': 'application/json',
33 silly get     'cache-control': 'max-age=0',
33 silly get     'content-length': '2',
33 silly get     'accept-ranges': 'bytes',
33 silly get     date: 'Sat, 17 Oct 2015 19:51:27 GMT',
33 silly get     via: '1.1 varnish',
33 silly get     age: '0',
33 silly get     connection: 'keep-alive',
33 silly get     'x-served-by': 'cache-fra1246-FRA',
33 silly get     'x-cache': 'MISS',
33 silly get     'x-cache-hits': '0',
33 silly get     'x-timer': 'S1445111487.429549,VS0,VE188' } ]
34 verbose stack Error: Registry returned 404 for GET on https://registry.npmjs.org/domReady
34 verbose stack     at makeError (h:\Program Files\nodejs\node_modules\npm\node_modules\npm-registry-client\lib\request.js:264:12)
34 verbose stack     at CachingRegistryClient.<anonymous> (h:\Program Files\nodejs\node_modules\npm\node_modules\npm-registry-client\lib\request.js:242:14)
34 verbose stack     at Request._callback (h:\Program Files\nodejs\node_modules\npm\node_modules\npm-registry-client\lib\request.js:172:14)
34 verbose stack     at Request.self.callback (h:\Program Files\nodejs\node_modules\npm\node_modules\request\request.js:198:22)
34 verbose stack     at emitTwo (events.js:87:13)
34 verbose stack     at Request.emit (events.js:172:7)
34 verbose stack     at Request.<anonymous> (h:\Program Files\nodejs\node_modules\npm\node_modules\request\request.js:1063:14)
34 verbose stack     at emitOne (events.js:82:20)
34 verbose stack     at Request.emit (events.js:169:7)
34 verbose stack     at IncomingMessage.<anonymous> (h:\Program Files\nodejs\node_modules\npm\node_modules\request\request.js:1009:12)
35 verbose statusCode 404
36 verbose pkgid domReady
37 verbose cwd i:\bedrijf\wbso\projects\calculationdistribution\cb-client\src\main\webapp
38 error Windows_NT 6.1.7601
39 error argv "h:\\Program Files\\nodejs\\node.exe" "h:\\Program Files\\nodejs\\node_modules\\npm\\bin\\npm-cli.js" "install" "domReady"
40 error node v4.2.1
41 error npm  v2.14.7
42 error code E404
43 error 404 Registry returned 404 for GET on https://registry.npmjs.org/domReady
43 error 404
43 error 404 'domReady' is not in the npm registry.
43 error 404 Your package name is not valid, because
43 error 404
43 error 404  1. name can no longer contain capital letters
43 error 404
43 error 404 Note that you can also install from a
43 error 404 tarball, folder, http url, or git url.
44 verbose exit [ 1, true ]
